<?xml version="1.0" encoding="UTF-8" ?>
<testsuite tests="137" failures="0" name="org.jsxm.program.HealthcareSystemJsxmAdapterTest" time="0.012" errors="0" skipped="0">
  <properties>
[...]
</properties>
  <testcase classname="org.jsxm.program.HealthcareSystemJsxmAdapterTest" name="test_k2_70_pacientList_addPacient_consult_pacientList_addPacient_pacientList" time="0.003"/>
  <testcase classname="org.jsxm.program.HealthcareSystemJsxmAdapterTest" name="test_k2_24_pacientList_addPacient_consult_informations_consult" time="0"/>
  <testcase classname="org.jsxm.program.HealthcareSystemJsxmAdapterTest" name="test_k2_120_pacientList_addPacient_consult_informations_assignPrescription_pacientList" time="0.001"/>
  <testcase classname="org.jsxm.program.HealthcareSystemJsxmAdapterTest" name="test_k2_19_pacientList_addPacient_consult_pacientList_assignPrescription" time="0.001"/>
  <testcase classname="org.jsxm.program.HealthcareSystemJsxmAdapterTest" name="test_k2_61_pacientList_addPacient_removePacient_finish_finish" time="0"/>
  <testcase classname="org.jsxm.program.HealthcareSystemJsxmAdapterTest" name="test_k2_103_pacientList_addPacient_consult_assignPrescription_informations_removePacient" time="0"/>
  <testcase classname="org.jsxm.program.HealthcareSystemJsxmAdapterTest" name="test_k2_136_pacientList_addPacient_consult_informations_finish_removePacient" time="0"/>
  <testcase classname="org.jsxm.program.HealthcareSystemJsxmAdapterTest" name="test_k2_111_pacientList_addPacient_consult_assignPrescription_finish_finish" time="0"/>
  <testcase classname="org.jsxm.program.HealthcareSystemJsxmAdapterTest" name="test_k2_107_pacientList_addPacient_consult_assignPrescription_finish_consult" time="0"/>
  <testcase classname="org.jsxm.program.HealthcareSystemJsxmAdapterTest" name="test_k2_13_pacientList_addPacient_finish_consult" time="0"/>
  <testcase classname="org.jsxm.program.HealthcareSystemJsxmAdapterTest" name="test_k2_82_pacientList_addPacient_consult_pacientList_finish_pacientList" time="0"/>
  <testcase classname="org.jsxm.program.HealthcareSystemJsxmAdapterTest" name="test_k2_135_pacientList_addPacient_consult_informations_finish_addPacient" time="0"/>
  <testcase classname="org.jsxm.program.HealthcareSystemJsxmAdapterTest" name="test_k2_137_pacientList_addPacient_consult_informations_finish_finish" time="0"/>
  <testcase classname="org.jsxm.program.HealthcareSystemJsxmAdapterTest" name="test_k2_16_pacientList_addPacient_finish_removePacient" time="0"/>
  <testcase classname="org.jsxm.program.HealthcareSystemJsxmAdapterTest" name="test_k2_23_pacientList_addPacient_consult_assignPrescription_removePacient" time="0"/>
  <testcase classname="org.jsxm.program.HealthcareSystemJsxmAdapterTest" name="test_k2_26_pacientList_addPacient_consult_informations_removePacient" time="0"/>
  <testcase classname="org.jsxm.program.HealthcareSystemJsxmAdapterTest" name="test_k2_89_pacientList_addPacient_consult_assignPrescription_pacientList_removePacient" time="0"/>
  <testcase classname="org.jsxm.program.HealthcareSystemJsxmAdapterTest" name="test_k2_2_finish" time="0"/>
  <testcase classname="org.jsxm.program.HealthcareSystemJsxmAdapterTest" name="test_k2_22_pacientList_addPacient_consult_assignPrescription_addPacient" time="0"/>
  <testcase classname="org.jsxm.program.HealthcareSystemJsxmAdapterTest" name="test_k2_116_pacientList_addPacient_consult_informations_pacientList_assignPrescription" time="0"/>
  <testcase classname="org.jsxm.program.HealthcareSystemJsxmAdapterTest" name="test_k2_75_pacientList_addPacient_consult_pacientList_addPacient_finish" time="0.001"/>
  <testcase classname="org.jsxm.program.HealthcareSystemJsxmAdapterTest" name="test_k2_130_pacientList_addPacient_consult_informations_informations_assignPrescription" time="0"/>
  <testcase classname="org.jsxm.program.HealthcareSystemJsxmAdapterTest" name="test_k2_10_pacientList_addPacient_consult_removePacient" time="0"/>
  <testcase classname="org.jsxm.program.HealthcareSystemJsxmAdapterTest" name="test_k2_12_pacientList_addPacient_removePacient_pacientList" time="0"/>
  <testcase classname="org.jsxm.program.HealthcareSystemJsxmAdapterTest" name="test_k2_133_pacientList_addPacient_consult_informations_finish_consult" time="0"/>
  <testcase classname="org.jsxm.program.HealthcareSystemJsxmAdapterTest" name="test_k2_44_pacientList_addPacient_addPacient_removePacient_consult" time="0"/>
  <testcase classname="org.jsxm.program.HealthcareSystemJsxmAdapterTest" name="test_k2_101_pacientList_addPacient_consult_assignPrescription_informations_pacientList" time="0"/>
  <testcase classname="org.jsxm.program.HealthcareSystemJsxmAdapterTest" name="test_k2_106_pacientList_addPacient_consult_assignPrescription_informations_finish" time="0"/>
  <testcase classname="org.jsxm.program.HealthcareSystemJsxmAdapterTest" name="test_k2_31_pacientList_addPacient_consult_finish_finish" time="0"/>
  <testcase classname="org.jsxm.program.HealthcareSystemJsxmAdapterTest" name="test_k2_67_pacientList_addPacient_consult_pacientList_consult_informations" time="0"/>
  <testcase classname="org.jsxm.program.HealthcareSystemJsxmAdapterTest" name="test_k2_85_pacientList_addPacient_consult_pacientList_finish_finish" time="0"/>
  <testcase classname="org.jsxm.program.HealthcareSystemJsxmAdapterTest" name="test_k2_91_pacientList_addPacient_consult_assignPrescription_pacientList_informations" time="0"/>
  <testcase classname="org.jsxm.program.HealthcareSystemJsxmAdapterTest" name="test_k2_43_pacientList_addPacient_addPacient_addPacient_finish" time="0"/>
  <testcase classname="org.jsxm.program.HealthcareSystemJsxmAdapterTest" name="test_k2_6_pacientList_finish_addPacient" time="0"/>
  <testcase classname="org.jsxm.program.HealthcareSystemJsxmAdapterTest" name="test_k2_32_pacientList_addPacient_addPacient_consult_consult" time="0"/>
  <testcase classname="org.jsxm.program.HealthcareSystemJsxmAdapterTest" name="test_k2_55_pacientList_addPacient_removePacient_addPacient_pacientList" time="0"/>
  <testcase classname="org.jsxm.program.HealthcareSystemJsxmAdapterTest" name="test_k2_114_pacientList_addPacient_consult_informations_pacientList_addPacient" time="0"/>
  <testcase classname="org.jsxm.program.HealthcareSystemJsxmAdapterTest" name="test_k2_87_pacientList_addPacient_consult_assignPrescription_pacientList_pacientList" time="0"/>
  <testcase classname="org.jsxm.program.HealthcareSystemJsxmAdapterTest" name="test_k2_79_pacientList_addPacient_consult_pacientList_removePacient_informations" time="0"/>
  <testcase classname="org.jsxm.program.HealthcareSystemJsxmAdapterTest" name="test_k2_80_pacientList_addPacient_consult_pacientList_removePacient_finish" time="0"/>
  <testcase classname="org.jsxm.program.HealthcareSystemJsxmAdapterTest" name="test_k2_88_pacientList_addPacient_consult_assignPrescription_pacientList_addPacient" time="0"/>
  <testcase classname="org.jsxm.program.HealthcareSystemJsxmAdapterTest" name="test_k2_53_pacientList_addPacient_addPacient_finish_finish" time="0"/>
  <testcase classname="org.jsxm.program.HealthcareSystemJsxmAdapterTest" name="test_k2_60_pacientList_addPacient_removePacient_finish_addPacient" time="0"/>
  <testcase classname="org.jsxm.program.HealthcareSystemJsxmAdapterTest" name="test_k2_14_pacientList_addPacient_finish_pacientList" time="0"/>
  <testcase classname="org.jsxm.program.HealthcareSystemJsxmAdapterTest" name="test_k2_127_pacientList_addPacient_consult_informations_informations_pacientList" time="0"/>
  <testcase classname="org.jsxm.program.HealthcareSystemJsxmAdapterTest" name="test_k2_34_pacientList_addPacient_addPacient_consult_addPacient" time="0"/>
  <testcase classname="org.jsxm.program.HealthcareSystemJsxmAdapterTest" name="test_k2_110_pacientList_addPacient_consult_assignPrescription_finish_removePacient" time="0"/>
  <testcase classname="org.jsxm.program.HealthcareSystemJsxmAdapterTest" name="test_k2_131_pacientList_addPacient_consult_informations_informations_informations" time="0"/>
  <testcase classname="org.jsxm.program.HealthcareSystemJsxmAdapterTest" name="test_k2_36_pacientList_addPacient_addPacient_consult_assignPrescription" time="0"/>
  <testcase classname="org.jsxm.program.HealthcareSystemJsxmAdapterTest" name="test_k2_41_pacientList_addPacient_addPacient_addPacient_addPacient" time="0"/>
  <testcase classname="org.jsxm.program.HealthcareSystemJsxmAdapterTest" name="test_k2_1_addPacient" time="0"/>
  <testcase classname="org.jsxm.program.HealthcareSystemJsxmAdapterTest" name="test_k2_102_pacientList_addPacient_consult_assignPrescription_informations_addPacient" time="0"/>
  <testcase classname="org.jsxm.program.HealthcareSystemJsxmAdapterTest" name="test_k2_48_pacientList_addPacient_addPacient_removePacient_finish" time="0"/>
  <testcase classname="org.jsxm.program.HealthcareSystemJsxmAdapterTest" name="test_k2_118_pacientList_addPacient_consult_informations_pacientList_finish" time="0"/>
  <testcase classname="org.jsxm.program.HealthcareSystemJsxmAdapterTest" name="test_k2_38_pacientList_addPacient_addPacient_consult_finish" time="0"/>
  <testcase classname="org.jsxm.program.HealthcareSystemJsxmAdapterTest" name="test_k2_83_pacientList_addPacient_consult_pacientList_finish_addPacient" time="0"/>
  <testcase classname="org.jsxm.program.HealthcareSystemJsxmAdapterTest" name="test_k2_104_pacientList_addPacient_consult_assignPrescription_informations_assignPrescription" time="0"/>
  <testcase classname="org.jsxm.program.HealthcareSystemJsxmAdapterTest" name="test_k2_46_pacientList_addPacient_addPacient_removePacient_addPacient" time="0"/>
  <testcase classname="org.jsxm.program.HealthcareSystemJsxmAdapterTest" name="test_k2_59_pacientList_addPacient_removePacient_finish_pacientList" time="0"/>
  <testcase classname="org.jsxm.program.HealthcareSystemJsxmAdapterTest" name="test_k2_126_pacientList_addPacient_consult_informations_informations_consult" time="0"/>
  <testcase classname="org.jsxm.program.HealthcareSystemJsxmAdapterTest" name="test_k2_81_pacientList_addPacient_consult_pacientList_finish_consult" time="0"/>
  <testcase classname="org.jsxm.program.HealthcareSystemJsxmAdapterTest" name="test_k2_128_pacientList_addPacient_consult_informations_informations_addPacient" time="0"/>
  <testcase classname="org.jsxm.program.HealthcareSystemJsxmAdapterTest" name="test_k2_68_pacientList_addPacient_consult_pacientList_consult_finish" time="0"/>
  <testcase classname="org.jsxm.program.HealthcareSystemJsxmAdapterTest" name="test_k2_29_pacientList_addPacient_consult_finish_addPacient" time="0"/>
  <testcase classname="org.jsxm.program.HealthcareSystemJsxmAdapterTest" name="test_k2_72_pacientList_addPacient_consult_pacientList_addPacient_removePacient" time="0"/>
  <testcase classname="org.jsxm.program.HealthcareSystemJsxmAdapterTest" name="test_k2_121_pacientList_addPacient_consult_informations_assignPrescription_addPacient" time="0"/>
  <testcase classname="org.jsxm.program.HealthcareSystemJsxmAdapterTest" name="test_k2_64_pacientList_addPacient_consult_pacientList_consult_addPacient" time="0"/>
  <testcase classname="org.jsxm.program.HealthcareSystemJsxmAdapterTest" name="test_k2_132_pacientList_addPacient_consult_informations_informations_finish" time="0"/>
  <testcase classname="org.jsxm.program.HealthcareSystemJsxmAdapterTest" name="test_k2_113_pacientList_addPacient_consult_informations_pacientList_pacientList" time="0"/>
  <testcase classname="org.jsxm.program.HealthcareSystemJsxmAdapterTest" name="test_k2_74_pacientList_addPacient_consult_pacientList_addPacient_informations" time="0"/>
  <testcase classname="org.jsxm.program.HealthcareSystemJsxmAdapterTest" name="test_k2_76_pacientList_addPacient_consult_pacientList_removePacient_pacientList" time="0"/>
  <testcase classname="org.jsxm.program.HealthcareSystemJsxmAdapterTest" name="test_k2_39_pacientList_addPacient_addPacient_addPacient_consult" time="0"/>
  <testcase classname="org.jsxm.program.HealthcareSystemJsxmAdapterTest" name="test_k2_122_pacientList_addPacient_consult_informations_assignPrescription_removePacient" time="0"/>
  <testcase classname="org.jsxm.program.HealthcareSystemJsxmAdapterTest" name="test_k2_134_pacientList_addPacient_consult_informations_finish_pacientList" time="0"/>
  <testcase classname="org.jsxm.program.HealthcareSystemJsxmAdapterTest" name="test_k2_18_pacientList_addPacient_consult_pacientList_pacientList" time="0"/>
  <testcase classname="org.jsxm.program.HealthcareSystemJsxmAdapterTest" name="test_k2_52_pacientList_addPacient_addPacient_finish_removePacient" time="0"/>
  <testcase classname="org.jsxm.program.HealthcareSystemJsxmAdapterTest" name="test_k2_84_pacientList_addPacient_consult_pacientList_finish_removePacient" time="0"/>
  <testcase classname="org.jsxm.program.HealthcareSystemJsxmAdapterTest" name="test_k2_96_pacientList_addPacient_consult_assignPrescription_assignPrescription_removePacient" time="0"/>
  <testcase classname="org.jsxm.program.HealthcareSystemJsxmAdapterTest" name="test_k2_9_pacientList_addPacient_consult_addPacient" time="0"/>
  <testcase classname="org.jsxm.program.HealthcareSystemJsxmAdapterTest" name="test_k2_62_pacientList_addPacient_consult_pacientList_consult_consult" time="0"/>
  <testcase classname="org.jsxm.program.HealthcareSystemJsxmAdapterTest" name="test_k2_71_pacientList_addPacient_consult_pacientList_addPacient_addPacient" time="0"/>
  <testcase classname="org.jsxm.program.HealthcareSystemJsxmAdapterTest" name="test_k2_124_pacientList_addPacient_consult_informations_assignPrescription_informations" time="0"/>
  <testcase classname="org.jsxm.program.HealthcareSystemJsxmAdapterTest" name="test_k2_7_pacientList_finish_finish" time="0.001"/>
  <testcase classname="org.jsxm.program.HealthcareSystemJsxmAdapterTest" name="test_k2_93_pacientList_addPacient_consult_assignPrescription_assignPrescription_consult" time="0"/>
  <testcase classname="org.jsxm.program.HealthcareSystemJsxmAdapterTest" name="test_k2_3_pacientList_pacientList" time="0"/>
  <testcase classname="org.jsxm.program.HealthcareSystemJsxmAdapterTest" name="test_k2_51_pacientList_addPacient_addPacient_finish_addPacient" time="0"/>
  <testcase classname="org.jsxm.program.HealthcareSystemJsxmAdapterTest" name="test_k2_129_pacientList_addPacient_consult_informations_informations_removePacient" time="0"/>
  <testcase classname="org.jsxm.program.HealthcareSystemJsxmAdapterTest" name="test_k2_78_pacientList_addPacient_consult_pacientList_removePacient_assignPrescription" time="0"/>
  <testcase classname="org.jsxm.program.HealthcareSystemJsxmAdapterTest" name="test_k2_100_pacientList_addPacient_consult_assignPrescription_informations_consult" time="0"/>
  <testcase classname="org.jsxm.program.HealthcareSystemJsxmAdapterTest" name="test_k2_47_pacientList_addPacient_addPacient_removePacient_removePacient" time="0"/>
  <testcase classname="org.jsxm.program.HealthcareSystemJsxmAdapterTest" name="test_k2_28_pacientList_addPacient_consult_finish_pacientList" time="0.001"/>
  <testcase classname="org.jsxm.program.HealthcareSystemJsxmAdapterTest" name="test_k2_25_pacientList_addPacient_consult_informations_addPacient" time="0"/>
  <testcase classname="org.jsxm.program.HealthcareSystemJsxmAdapterTest" name="test_k2_8_pacientList_addPacient_consult_consult" time="0"/>
  <testcase classname="org.jsxm.program.HealthcareSystemJsxmAdapterTest" name="test_k2_20_pacientList_addPacient_consult_pacientList_informations" time="0"/>
  <testcase classname="org.jsxm.program.HealthcareSystemJsxmAdapterTest" name="test_k2_90_pacientList_addPacient_consult_assignPrescription_pacientList_assignPrescription" time="0"/>
  <testcase classname="org.jsxm.program.HealthcareSystemJsxmAdapterTest" name="test_k2_35_pacientList_addPacient_addPacient_consult_removePacient" time="0"/>
  <testcase classname="org.jsxm.program.HealthcareSystemJsxmAdapterTest" name="test_k2_11_pacientList_addPacient_addPacient_pacientList" time="0"/>
  <testcase classname="org.jsxm.program.HealthcareSystemJsxmAdapterTest" name="test_k2_42_pacientList_addPacient_addPacient_addPacient_removePacient" time="0"/>
  <testcase classname="org.jsxm.program.HealthcareSystemJsxmAdapterTest" name="test_k2_66_pacientList_addPacient_consult_pacientList_consult_assignPrescription" time="0"/>
  <testcase classname="org.jsxm.program.HealthcareSystemJsxmAdapterTest" name="test_k2_5_pacientList_finish_pacientList" time="0"/>
  <testcase classname="org.jsxm.program.HealthcareSystemJsxmAdapterTest" name="test_k2_40_pacientList_addPacient_addPacient_addPacient_pacientList" time="0"/>
  <testcase classname="org.jsxm.program.HealthcareSystemJsxmAdapterTest" name="test_k2_77_pacientList_addPacient_consult_pacientList_removePacient_addPacient" time="0.002"/>
  <testcase classname="org.jsxm.program.HealthcareSystemJsxmAdapterTest" name="test_k2_30_pacientList_addPacient_consult_finish_removePacient" time="0"/>
  <testcase classname="org.jsxm.program.HealthcareSystemJsxmAdapterTest" name="test_k2_65_pacientList_addPacient_consult_pacientList_consult_removePacient" time="0"/>
  <testcase classname="org.jsxm.program.HealthcareSystemJsxmAdapterTest" name="test_k2_99_pacientList_addPacient_consult_assignPrescription_assignPrescription_finish" time="0"/>
  <testcase classname="org.jsxm.program.HealthcareSystemJsxmAdapterTest" name="test_k2_109_pacientList_addPacient_consult_assignPrescription_finish_addPacient" time="0"/>
  <testcase classname="org.jsxm.program.HealthcareSystemJsxmAdapterTest" name="test_k2_17_pacientList_addPacient_finish_finish" time="0"/>
  <testcase classname="org.jsxm.program.HealthcareSystemJsxmAdapterTest" name="test_k2_58_pacientList_addPacient_removePacient_addPacient_finish" time="0"/>
  <testcase classname="org.jsxm.program.HealthcareSystemJsxmAdapterTest" name="test_k2_50_pacientList_addPacient_addPacient_finish_pacientList" time="0"/>
  <testcase classname="org.jsxm.program.HealthcareSystemJsxmAdapterTest" name="test_k2_54_pacientList_addPacient_removePacient_addPacient_consult" time="0"/>
  <testcase classname="org.jsxm.program.HealthcareSystemJsxmAdapterTest" name="test_k2_115_pacientList_addPacient_consult_informations_pacientList_removePacient" time="0"/>
  <testcase classname="org.jsxm.program.HealthcareSystemJsxmAdapterTest" name="test_k2_63_pacientList_addPacient_consult_pacientList_consult_pacientList" time="0"/>
  <testcase classname="org.jsxm.program.HealthcareSystemJsxmAdapterTest" name="test_k2_45_pacientList_addPacient_addPacient_removePacient_pacientList" time="0"/>
  <testcase classname="org.jsxm.program.HealthcareSystemJsxmAdapterTest" name="test_k2_92_pacientList_addPacient_consult_assignPrescription_pacientList_finish" time="0"/>
  <testcase classname="org.jsxm.program.HealthcareSystemJsxmAdapterTest" name="test_k2_98_pacientList_addPacient_consult_assignPrescription_assignPrescription_informations" time="0"/>
  <testcase classname="org.jsxm.program.HealthcareSystemJsxmAdapterTest" name="test_k2_95_pacientList_addPacient_consult_assignPrescription_assignPrescription_addPacient" time="0"/>
  <testcase classname="org.jsxm.program.HealthcareSystemJsxmAdapterTest" name="test_k2_117_pacientList_addPacient_consult_informations_pacientList_informations" time="0"/>
  <testcase classname="org.jsxm.program.HealthcareSystemJsxmAdapterTest" name="test_k2_33_pacientList_addPacient_addPacient_consult_pacientList" time="0"/>
  <testcase classname="org.jsxm.program.HealthcareSystemJsxmAdapterTest" name="test_k2_125_pacientList_addPacient_consult_informations_assignPrescription_finish" time="0"/>
  <testcase classname="org.jsxm.program.HealthcareSystemJsxmAdapterTest" name="test_k2_37_pacientList_addPacient_addPacient_consult_informations" time="0"/>
  <testcase classname="org.jsxm.program.HealthcareSystemJsxmAdapterTest" name="test_k2_94_pacientList_addPacient_consult_assignPrescription_assignPrescription_pacientList" time="0"/>
  <testcase classname="org.jsxm.program.HealthcareSystemJsxmAdapterTest" name="test_k2_56_pacientList_addPacient_removePacient_addPacient_addPacient" time="0"/>
  <testcase classname="org.jsxm.program.HealthcareSystemJsxmAdapterTest" name="test_k2_21_pacientList_addPacient_consult_assignPrescription_consult" time="0.001"/>
  <testcase classname="org.jsxm.program.HealthcareSystemJsxmAdapterTest" name="test_k2_73_pacientList_addPacient_consult_pacientList_addPacient_assignPrescription" time="0"/>
  <testcase classname="org.jsxm.program.HealthcareSystemJsxmAdapterTest" name="test_k2_108_pacientList_addPacient_consult_assignPrescription_finish_pacientList" time="0"/>
  <testcase classname="org.jsxm.program.HealthcareSystemJsxmAdapterTest" name="test_k2_27_pacientList_addPacient_consult_finish_consult" time="0"/>
  <testcase classname="org.jsxm.program.HealthcareSystemJsxmAdapterTest" name="test_k2_105_pacientList_addPacient_consult_assignPrescription_informations_informations" time="0"/>
  <testcase classname="org.jsxm.program.HealthcareSystemJsxmAdapterTest" name="test_k2_69_pacientList_addPacient_consult_pacientList_addPacient_consult" time="0"/>
  <testcase classname="org.jsxm.program.HealthcareSystemJsxmAdapterTest" name="test_k2_57_pacientList_addPacient_removePacient_addPacient_removePacient" time="0"/>
  <testcase classname="org.jsxm.program.HealthcareSystemJsxmAdapterTest" name="test_k2_123_pacientList_addPacient_consult_informations_assignPrescription_assignPrescription" time="0"/>
  <testcase classname="org.jsxm.program.HealthcareSystemJsxmAdapterTest" name="test_k2_119_pacientList_addPacient_consult_informations_assignPrescription_consult" time="0"/>
  <testcase classname="org.jsxm.program.HealthcareSystemJsxmAdapterTest" name="test_k2_112_pacientList_addPacient_consult_informations_pacientList_consult" time="0"/>
  <testcase classname="org.jsxm.program.HealthcareSystemJsxmAdapterTest" name="test_k2_49_pacientList_addPacient_addPacient_finish_consult" time="0"/>
  <testcase classname="org.jsxm.program.HealthcareSystemJsxmAdapterTest" name="test_k2_86_pacientList_addPacient_consult_assignPrescription_pacientList_consult" time="0"/>
  <testcase classname="org.jsxm.program.HealthcareSystemJsxmAdapterTest" name="test_k2_4_pacientList_addPacient_pacientList" time="0"/>
  <testcase classname="org.jsxm.program.HealthcareSystemJsxmAdapterTest" name="test_k2_97_pacientList_addPacient_consult_assignPrescription_assignPrescription_assignPrescription" time="0"/>
  <testcase classname="org.jsxm.program.HealthcareSystemJsxmAdapterTest" name="test_k2_15_pacientList_addPacient_finish_addPacient" time="0.001"/>
</testsuite>