<?xml version="1.0" encoding="UTF-8" ?>
<testsuite tests="65" failures="0" name="org.jsxm.program.PrescriptionJsxmAdapterTest" time="0.009" errors="0" skipped="0">
  <properties>
[...]
</properties>
  <testcase classname="org.jsxm.program.PrescriptionJsxmAdapterTest" name="test_k2_31_close_getContent_getContent_addItem" time="0.006"/>
  <testcase classname="org.jsxm.program.PrescriptionJsxmAdapterTest" name="test_k2_44_close_getContent_use_isUsed" time="0"/>
  <testcase classname="org.jsxm.program.PrescriptionJsxmAdapterTest" name="test_k2_60_close_isUsed_use_use" time="0"/>
  <testcase classname="org.jsxm.program.PrescriptionJsxmAdapterTest" name="test_k2_43_close_getContent_use_getContent" time="0"/>
  <testcase classname="org.jsxm.program.PrescriptionJsxmAdapterTest" name="test_k2_28_close_use_isUsed_close" time="0"/>
  <testcase classname="org.jsxm.program.PrescriptionJsxmAdapterTest" name="test_k2_16_close_isUsed_close" time="0"/>
  <testcase classname="org.jsxm.program.PrescriptionJsxmAdapterTest" name="test_k2_33_close_getContent_getContent_getContent" time="0"/>
  <testcase classname="org.jsxm.program.PrescriptionJsxmAdapterTest" name="test_k2_7_addItem_isUsed" time="0"/>
  <testcase classname="org.jsxm.program.PrescriptionJsxmAdapterTest" name="test_k2_2_isUsed" time="0"/>
  <testcase classname="org.jsxm.program.PrescriptionJsxmAdapterTest" name="test_k2_64_close_use_isUsed_isUsed_isUsed" time="0"/>
  <testcase classname="org.jsxm.program.PrescriptionJsxmAdapterTest" name="test_k2_11_close_use_getContent" time="0"/>
  <testcase classname="org.jsxm.program.PrescriptionJsxmAdapterTest" name="test_k2_25_addItem_close_isUsed" time="0"/>
  <testcase classname="org.jsxm.program.PrescriptionJsxmAdapterTest" name="test_k2_14_close_getContent_close" time="0"/>
  <testcase classname="org.jsxm.program.PrescriptionJsxmAdapterTest" name="test_k2_58_close_isUsed_use_getContent" time="0"/>
  <testcase classname="org.jsxm.program.PrescriptionJsxmAdapterTest" name="test_k2_26_addItem_close_use" time="0.001"/>
  <testcase classname="org.jsxm.program.PrescriptionJsxmAdapterTest" name="test_k2_27_close_use_isUsed_addItem" time="0"/>
  <testcase classname="org.jsxm.program.PrescriptionJsxmAdapterTest" name="test_k2_65_close_use_isUsed_isUsed_use" time="0"/>
  <testcase classname="org.jsxm.program.PrescriptionJsxmAdapterTest" name="test_k2_38_close_getContent_isUsed_getContent" time="0"/>
  <testcase classname="org.jsxm.program.PrescriptionJsxmAdapterTest" name="test_k2_57_close_isUsed_use_close" time="0"/>
  <testcase classname="org.jsxm.program.PrescriptionJsxmAdapterTest" name="test_k2_59_close_isUsed_use_isUsed" time="0"/>
  <testcase classname="org.jsxm.program.PrescriptionJsxmAdapterTest" name="test_k2_4_close_addItem" time="0"/>
  <testcase classname="org.jsxm.program.PrescriptionJsxmAdapterTest" name="test_k2_54_close_isUsed_isUsed_isUsed" time="0"/>
  <testcase classname="org.jsxm.program.PrescriptionJsxmAdapterTest" name="test_k2_39_close_getContent_isUsed_isUsed" time="0"/>
  <testcase classname="org.jsxm.program.PrescriptionJsxmAdapterTest" name="test_k2_42_close_getContent_use_close" time="0"/>
  <testcase classname="org.jsxm.program.PrescriptionJsxmAdapterTest" name="test_k2_21_addItem_addItem_use" time="0"/>
  <testcase classname="org.jsxm.program.PrescriptionJsxmAdapterTest" name="test_k2_18_addItem_addItem_close" time="0"/>
  <testcase classname="org.jsxm.program.PrescriptionJsxmAdapterTest" name="test_k2_45_close_getContent_use_use" time="0.001"/>
  <testcase classname="org.jsxm.program.PrescriptionJsxmAdapterTest" name="test_k2_37_close_getContent_isUsed_close" time="0"/>
  <testcase classname="org.jsxm.program.PrescriptionJsxmAdapterTest" name="test_k2_35_close_getContent_getContent_use" time="0"/>
  <testcase classname="org.jsxm.program.PrescriptionJsxmAdapterTest" name="test_k2_53_close_isUsed_isUsed_getContent" time="0"/>
  <testcase classname="org.jsxm.program.PrescriptionJsxmAdapterTest" name="test_k2_41_close_getContent_use_addItem" time="0"/>
  <testcase classname="org.jsxm.program.PrescriptionJsxmAdapterTest" name="test_k2_55_close_isUsed_isUsed_use" time="0"/>
  <testcase classname="org.jsxm.program.PrescriptionJsxmAdapterTest" name="test_k2_48_close_isUsed_getContent_getContent" time="0"/>
  <testcase classname="org.jsxm.program.PrescriptionJsxmAdapterTest" name="test_k2_13_close_getContent_addItem" time="0"/>
  <testcase classname="org.jsxm.program.PrescriptionJsxmAdapterTest" name="test_k2_56_close_isUsed_use_addItem" time="0"/>
  <testcase classname="org.jsxm.program.PrescriptionJsxmAdapterTest" name="test_k2_40_close_getContent_isUsed_use" time="0"/>
  <testcase classname="org.jsxm.program.PrescriptionJsxmAdapterTest" name="test_k2_1_getContent" time="0"/>
  <testcase classname="org.jsxm.program.PrescriptionJsxmAdapterTest" name="test_k2_30_close_use_isUsed_use" time="0"/>
  <testcase classname="org.jsxm.program.PrescriptionJsxmAdapterTest" name="test_k2_50_close_isUsed_getContent_use" time="0"/>
  <testcase classname="org.jsxm.program.PrescriptionJsxmAdapterTest" name="test_k2_23_addItem_close_close" time="0"/>
  <testcase classname="org.jsxm.program.PrescriptionJsxmAdapterTest" name="test_k2_49_close_isUsed_getContent_isUsed" time="0"/>
  <testcase classname="org.jsxm.program.PrescriptionJsxmAdapterTest" name="test_k2_3_use" time="0"/>
  <testcase classname="org.jsxm.program.PrescriptionJsxmAdapterTest" name="test_k2_29_close_use_isUsed_getContent" time="0"/>
  <testcase classname="org.jsxm.program.PrescriptionJsxmAdapterTest" name="test_k2_22_addItem_close_addItem" time="0"/>
  <testcase classname="org.jsxm.program.PrescriptionJsxmAdapterTest" name="test_k2_12_close_use_use" time="0"/>
  <testcase classname="org.jsxm.program.PrescriptionJsxmAdapterTest" name="test_k2_52_close_isUsed_isUsed_close" time="0"/>
  <testcase classname="org.jsxm.program.PrescriptionJsxmAdapterTest" name="test_k2_47_close_isUsed_getContent_close" time="0"/>
  <testcase classname="org.jsxm.program.PrescriptionJsxmAdapterTest" name="test_k2_20_addItem_addItem_isUsed" time="0.001"/>
  <testcase classname="org.jsxm.program.PrescriptionJsxmAdapterTest" name="test_k2_8_addItem_use" time="0"/>
  <testcase classname="org.jsxm.program.PrescriptionJsxmAdapterTest" name="test_k2_61_close_use_isUsed_isUsed_addItem" time="0"/>
  <testcase classname="org.jsxm.program.PrescriptionJsxmAdapterTest" name="test_k2_10_close_use_close" time="0"/>
  <testcase classname="org.jsxm.program.PrescriptionJsxmAdapterTest" name="test_k2_51_close_isUsed_isUsed_addItem" time="0"/>
  <testcase classname="org.jsxm.program.PrescriptionJsxmAdapterTest" name="test_k2_6_addItem_getContent" time="0"/>
  <testcase classname="org.jsxm.program.PrescriptionJsxmAdapterTest" name="test_k2_63_close_use_isUsed_isUsed_getContent" time="0"/>
  <testcase classname="org.jsxm.program.PrescriptionJsxmAdapterTest" name="test_k2_24_addItem_close_getContent" time="0"/>
  <testcase classname="org.jsxm.program.PrescriptionJsxmAdapterTest" name="test_k2_32_close_getContent_getContent_close" time="0"/>
  <testcase classname="org.jsxm.program.PrescriptionJsxmAdapterTest" name="test_k2_19_addItem_addItem_getContent" time="0"/>
  <testcase classname="org.jsxm.program.PrescriptionJsxmAdapterTest" name="test_k2_34_close_getContent_getContent_isUsed" time="0"/>
  <testcase classname="org.jsxm.program.PrescriptionJsxmAdapterTest" name="test_k2_17_addItem_addItem_addItem" time="0"/>
  <testcase classname="org.jsxm.program.PrescriptionJsxmAdapterTest" name="test_k2_62_close_use_isUsed_isUsed_close" time="0"/>
  <testcase classname="org.jsxm.program.PrescriptionJsxmAdapterTest" name="test_k2_36_close_getContent_isUsed_addItem" time="0"/>
  <testcase classname="org.jsxm.program.PrescriptionJsxmAdapterTest" name="test_k2_15_close_isUsed_addItem" time="0"/>
  <testcase classname="org.jsxm.program.PrescriptionJsxmAdapterTest" name="test_k2_5_close_close" time="0"/>
  <testcase classname="org.jsxm.program.PrescriptionJsxmAdapterTest" name="test_k2_9_close_use_addItem" time="0"/>
  <testcase classname="org.jsxm.program.PrescriptionJsxmAdapterTest" name="test_k2_46_close_isUsed_getContent_addItem" time="0"/>
</testsuite>